<?xml version="1.0" encoding="UTF-8"?>
<testsuite xmlns:xsi="http://www.w3.org/2001/XMLSchema-instance" xsi:noNamespaceSchemaLocation="https://maven.apache.org/surefire/maven-surefire-plugin/xsd/surefire-test-report.xsd" name="com.test.TestTest" time="1.472" tests="1" errors="0" skipped="0" failures="0">
  <properties>
    <property name="sun.desktop" value="windows"/>
    <property name="awt.toolkit" value="sun.awt.windows.WToolkit"/>
    <property name="file.encoding.pkg" value="sun.io"/>
    <property name="java.specification.version" value="1.8"/>
    <property name="sun.cpu.isalist" value="amd64"/>
    <property name="sun.jnu.encoding" value="GBK"/>
    <property name="java.class.path" value="d:\my\myproject\byyu\byyu\target\test-classes;d:\my\myproject\byyu\byyu\target\classes;D:\Users\byyw\Maven-Repository\junit\junit\4.11\junit-4.11.jar;D:\Users\byyw\Maven-Repository\org\hamcrest\hamcrest-core\1.3\hamcrest-core-1.3.jar;D:\Users\byyw\Maven-Repository\org\springframework\spring-core\4.0.2.RELEASE\spring-core-4.0.2.RELEASE.jar;D:\Users\byyw\Maven-Repository\commons-logging\commons-logging\1.1.3\commons-logging-1.1.3.jar;D:\Users\byyw\Maven-Repository\org\springframework\spring-web\4.0.2.RELEASE\spring-web-4.0.2.RELEASE.jar;D:\Users\byyw\Maven-Repository\org\springframework\spring-beans\4.0.2.RELEASE\spring-beans-4.0.2.RELEASE.jar;D:\Users\byyw\Maven-Repository\org\springframework\spring-context\4.0.2.RELEASE\spring-context-4.0.2.RELEASE.jar;D:\Users\byyw\Maven-Repository\org\springframework\spring-oxm\4.0.2.RELEASE\spring-oxm-4.0.2.RELEASE.jar;D:\Users\byyw\Maven-Repository\org\springframework\spring-tx\4.0.2.RELEASE\spring-tx-4.0.2.RELEASE.jar;D:\Users\byyw\Maven-Repository\org\springframework\spring-jdbc\4.0.2.RELEASE\spring-jdbc-4.0.2.RELEASE.jar;D:\Users\byyw\Maven-Repository\org\springframework\spring-webmvc\4.0.2.RELEASE\spring-webmvc-4.0.2.RELEASE.jar;D:\Users\byyw\Maven-Repository\org\springframework\spring-expression\4.0.2.RELEASE\spring-expression-4.0.2.RELEASE.jar;D:\Users\byyw\Maven-Repository\org\springframework\spring-aop\4.0.2.RELEASE\spring-aop-4.0.2.RELEASE.jar;D:\Users\byyw\Maven-Repository\aopalliance\aopalliance\1.0\aopalliance-1.0.jar;D:\Users\byyw\Maven-Repository\org\springframework\spring-context-support\4.0.2.RELEASE\spring-context-support-4.0.2.RELEASE.jar;D:\Users\byyw\Maven-Repository\org\springframework\spring-test\4.0.2.RELEASE\spring-test-4.0.2.RELEASE.jar;D:\Users\byyw\Maven-Repository\org\mybatis\mybatis\3.2.6\mybatis-3.2.6.jar;D:\Users\byyw\Maven-Repository\org\mybatis\mybatis-spring\1.2.2\mybatis-spring-1.2.2.jar;D:\Users\byyw\Maven-Repository\javax\javaee-api\7.0\javaee-api-7.0.jar;D:\Users\byyw\Maven-Repository\com\sun\mail\javax.mail\1.5.0\javax.mail-1.5.0.jar;D:\Users\byyw\Maven-Repository\javax\activation\activation\1.1\activation-1.1.jar;D:\Users\byyw\Maven-Repository\mysql\mysql-connector-java\8.0.21\mysql-connector-java-8.0.21.jar;D:\Users\byyw\Maven-Repository\com\google\protobuf\protobuf-java\3.11.4\protobuf-java-3.11.4.jar;D:\Users\byyw\Maven-Repository\com\oracle\ojdbc6\11.2.0.3\ojdbc6-11.2.0.3.jar;D:\Users\byyw\Maven-Repository\com\mchange\c3p0\0.9.5.2\c3p0-0.9.5.2.jar;D:\Users\byyw\Maven-Repository\com\mchange\mchange-commons-java\0.2.11\mchange-commons-java-0.2.11.jar;D:\Users\byyw\Maven-Repository\commons-dbcp\commons-dbcp\1.2.2\commons-dbcp-1.2.2.jar;D:\Users\byyw\Maven-Repository\commons-pool\commons-pool\1.3\commons-pool-1.3.jar;D:\Users\byyw\Maven-Repository\jstl\jstl\1.2\jstl-1.2.jar;D:\Users\byyw\Maven-Repository\log4j\log4j\1.2.17\log4j-1.2.17.jar;D:\Users\byyw\Maven-Repository\com\alibaba\fastjson\1.1.41\fastjson-1.1.41.jar;D:\Users\byyw\Maven-Repository\org\slf4j\slf4j-api\1.7.7\slf4j-api-1.7.7.jar;D:\Users\byyw\Maven-Repository\org\slf4j\slf4j-log4j12\1.7.7\slf4j-log4j12-1.7.7.jar;D:\Users\byyw\Maven-Repository\org\codehaus\jackson\jackson-mapper-asl\1.9.13\jackson-mapper-asl-1.9.13.jar;D:\Users\byyw\Maven-Repository\org\codehaus\jackson\jackson-core-asl\1.9.13\jackson-core-asl-1.9.13.jar;D:\Users\byyw\Maven-Repository\commons-fileupload\commons-fileupload\1.3.1\commons-fileupload-1.3.1.jar;D:\Users\byyw\Maven-Repository\commons-io\commons-io\2.4\commons-io-2.4.jar;D:\Users\byyw\Maven-Repository\commons-codec\commons-codec\1.9\commons-codec-1.9.jar;"/>
    <property name="java.vm.vendor" value="Oracle Corporation"/>
    <property name="sun.arch.data.model" value="64"/>
    <property name="user.variant" value=""/>
    <property name="java.vendor.url" value="http://java.oracle.com/"/>
    <property name="user.timezone" value="Asia/Shanghai"/>
    <property name="java.vm.specification.version" value="1.8"/>
    <property name="os.name" value="Windows 10"/>
    <property name="user.country" value="CN"/>
    <property name="sun.java.launcher" value="SUN_STANDARD"/>
    <property name="sun.boot.library.path" value="C:\Program Files\Java\jdk1.8.0_131\jre\bin"/>
    <property name="sun.java.command" value="C:\Users\byyw\AppData\Local\Temp\surefire9170944432189792178\surefirebooter3837337325135995439.jar C:\Users\byyw\AppData\Local\Temp\surefire9170944432189792178 2020-12-23T16-43-23_590-jvmRun1 surefire7248804525051916169tmp surefire_02101781685954924145tmp"/>
    <property name="surefire.test.class.path" value="d:\my\myproject\byyu\byyu\target\test-classes;d:\my\myproject\byyu\byyu\target\classes;D:\Users\byyw\Maven-Repository\junit\junit\4.11\junit-4.11.jar;D:\Users\byyw\Maven-Repository\org\hamcrest\hamcrest-core\1.3\hamcrest-core-1.3.jar;D:\Users\byyw\Maven-Repository\org\springframework\spring-core\4.0.2.RELEASE\spring-core-4.0.2.RELEASE.jar;D:\Users\byyw\Maven-Repository\commons-logging\commons-logging\1.1.3\commons-logging-1.1.3.jar;D:\Users\byyw\Maven-Repository\org\springframework\spring-web\4.0.2.RELEASE\spring-web-4.0.2.RELEASE.jar;D:\Users\byyw\Maven-Repository\org\springframework\spring-beans\4.0.2.RELEASE\spring-beans-4.0.2.RELEASE.jar;D:\Users\byyw\Maven-Repository\org\springframework\spring-context\4.0.2.RELEASE\spring-context-4.0.2.RELEASE.jar;D:\Users\byyw\Maven-Repository\org\springframework\spring-oxm\4.0.2.RELEASE\spring-oxm-4.0.2.RELEASE.jar;D:\Users\byyw\Maven-Repository\org\springframework\spring-tx\4.0.2.RELEASE\spring-tx-4.0.2.RELEASE.jar;D:\Users\byyw\Maven-Repository\org\springframework\spring-jdbc\4.0.2.RELEASE\spring-jdbc-4.0.2.RELEASE.jar;D:\Users\byyw\Maven-Repository\org\springframework\spring-webmvc\4.0.2.RELEASE\spring-webmvc-4.0.2.RELEASE.jar;D:\Users\byyw\Maven-Repository\org\springframework\spring-expression\4.0.2.RELEASE\spring-expression-4.0.2.RELEASE.jar;D:\Users\byyw\Maven-Repository\org\springframework\spring-aop\4.0.2.RELEASE\spring-aop-4.0.2.RELEASE.jar;D:\Users\byyw\Maven-Repository\aopalliance\aopalliance\1.0\aopalliance-1.0.jar;D:\Users\byyw\Maven-Repository\org\springframework\spring-context-support\4.0.2.RELEASE\spring-context-support-4.0.2.RELEASE.jar;D:\Users\byyw\Maven-Repository\org\springframework\spring-test\4.0.2.RELEASE\spring-test-4.0.2.RELEASE.jar;D:\Users\byyw\Maven-Repository\org\mybatis\mybatis\3.2.6\mybatis-3.2.6.jar;D:\Users\byyw\Maven-Repository\org\mybatis\mybatis-spring\1.2.2\mybatis-spring-1.2.2.jar;D:\Users\byyw\Maven-Repository\javax\javaee-api\7.0\javaee-api-7.0.jar;D:\Users\byyw\Maven-Repository\com\sun\mail\javax.mail\1.5.0\javax.mail-1.5.0.jar;D:\Users\byyw\Maven-Repository\javax\activation\activation\1.1\activation-1.1.jar;D:\Users\byyw\Maven-Repository\mysql\mysql-connector-java\8.0.21\mysql-connector-java-8.0.21.jar;D:\Users\byyw\Maven-Repository\com\google\protobuf\protobuf-java\3.11.4\protobuf-java-3.11.4.jar;D:\Users\byyw\Maven-Repository\com\oracle\ojdbc6\11.2.0.3\ojdbc6-11.2.0.3.jar;D:\Users\byyw\Maven-Repository\com\mchange\c3p0\0.9.5.2\c3p0-0.9.5.2.jar;D:\Users\byyw\Maven-Repository\com\mchange\mchange-commons-java\0.2.11\mchange-commons-java-0.2.11.jar;D:\Users\byyw\Maven-Repository\commons-dbcp\commons-dbcp\1.2.2\commons-dbcp-1.2.2.jar;D:\Users\byyw\Maven-Repository\commons-pool\commons-pool\1.3\commons-pool-1.3.jar;D:\Users\byyw\Maven-Repository\jstl\jstl\1.2\jstl-1.2.jar;D:\Users\byyw\Maven-Repository\log4j\log4j\1.2.17\log4j-1.2.17.jar;D:\Users\byyw\Maven-Repository\com\alibaba\fastjson\1.1.41\fastjson-1.1.41.jar;D:\Users\byyw\Maven-Repository\org\slf4j\slf4j-api\1.7.7\slf4j-api-1.7.7.jar;D:\Users\byyw\Maven-Repository\org\slf4j\slf4j-log4j12\1.7.7\slf4j-log4j12-1.7.7.jar;D:\Users\byyw\Maven-Repository\org\codehaus\jackson\jackson-mapper-asl\1.9.13\jackson-mapper-asl-1.9.13.jar;D:\Users\byyw\Maven-Repository\org\codehaus\jackson\jackson-core-asl\1.9.13\jackson-core-asl-1.9.13.jar;D:\Users\byyw\Maven-Repository\commons-fileupload\commons-fileupload\1.3.1\commons-fileupload-1.3.1.jar;D:\Users\byyw\Maven-Repository\commons-io\commons-io\2.4\commons-io-2.4.jar;D:\Users\byyw\Maven-Repository\commons-codec\commons-codec\1.9\commons-codec-1.9.jar;"/>
    <property name="sun.cpu.endian" value="little"/>
    <property name="user.home" value="C:\Users\byyw"/>
    <property name="user.language" value="zh"/>
    <property name="java.specification.vendor" value="Oracle Corporation"/>
    <property name="java.home" value="C:\Program Files\Java\jdk1.8.0_131\jre"/>
    <property name="basedir" value="d:\my\myproject\byyu\byyu"/>
    <property name="file.separator" value="\"/>
    <property name="line.separator" value="&#10;"/>
    <property name="java.vm.specification.vendor" value="Oracle Corporation"/>
    <property name="java.specification.name" value="Java Platform API Specification"/>
    <property name="java.awt.graphicsenv" value="sun.awt.Win32GraphicsEnvironment"/>
    <property name="surefire.real.class.path" value="C:\Users\byyw\AppData\Local\Temp\surefire9170944432189792178\surefirebooter3837337325135995439.jar"/>
    <property name="sun.boot.class.path" value="C:\Program Files\Java\jdk1.8.0_131\jre\lib\resources.jar;C:\Program Files\Java\jdk1.8.0_131\jre\lib\rt.jar;C:\Program Files\Java\jdk1.8.0_131\jre\lib\sunrsasign.jar;C:\Program Files\Java\jdk1.8.0_131\jre\lib\jsse.jar;C:\Program Files\Java\jdk1.8.0_131\jre\lib\jce.jar;C:\Program Files\Java\jdk1.8.0_131\jre\lib\charsets.jar;C:\Program Files\Java\jdk1.8.0_131\jre\lib\jfr.jar;C:\Program Files\Java\jdk1.8.0_131\jre\classes"/>
    <property name="user.script" value=""/>
    <property name="sun.management.compiler" value="HotSpot 64-Bit Tiered Compilers"/>
    <property name="java.runtime.version" value="1.8.0_131-b11"/>
    <property name="user.name" value="byyw"/>
    <property name="path.separator" value=";"/>
    <property name="os.version" value="10.0"/>
    <property name="java.endorsed.dirs" value="C:\Program Files\Java\jdk1.8.0_131\jre\lib\endorsed"/>
    <property name="java.runtime.name" value="Java(TM) SE Runtime Environment"/>
    <property name="file.encoding" value="GBK"/>
    <property name="java.vm.name" value="Java HotSpot(TM) 64-Bit Server VM"/>
    <property name="localRepository" value="D:\Users\byyw\Maven-Repository"/>
    <property name="java.vendor.url.bug" value="http://bugreport.sun.com/bugreport/"/>
    <property name="java.io.tmpdir" value="C:\Users\byyw\AppData\Local\Temp\"/>
    <property name="java.version" value="1.8.0_131"/>
    <property name="user.dir" value="d:\my\myproject\byyu\byyu"/>
    <property name="os.arch" value="amd64"/>
    <property name="java.vm.specification.name" value="Java Virtual Machine Specification"/>
    <property name="java.awt.printerjob" value="sun.awt.windows.WPrinterJob"/>
    <property name="sun.os.patch.level" value=""/>
    <property name="java.library.path" value="C:\Program Files\Java\jdk1.8.0_131\jre\bin;C:\Windows\Sun\Java\bin;C:\Windows\system32;C:\Windows;C:\Windows\system32;C:\Program Files\Java\jdk1.8.0_131\bin;C:\Program Files\Java\jdk1.8.0_131\jre\bin;C:\Program Files (x86)\Common Files\Oracle\Java\javapath;C:\Windows;C:\Windows\System32\Wbem;C:\Windows\System32\WindowsPowerShell\v1.0\;C:\Windows\System32\OpenSSH\;C:\Program Files (x86)\NVIDIA Corporation\PhysX\Common;C:\Program Files\NVIDIA Corporation\NVIDIA NvDLISR;D:\Users\byyw\tomcat8\lib;D:\Users\byyw\tomcat8\bin;D:\Users\byyw\apache-maven-3.6.3\bin;D:\Program Files\Microsoft SQL Server\110\DTS\Binn\;D:\Program Files (x86)\Microsoft SQL Server\110\Tools\Binn\;D:\Program Files\Microsoft SQL Server\110\Tools\Binn\;D:\Program Files (x86)\Microsoft SQL Server\110\Tools\Binn\ManagementStudio\;C:\Program Files (x86)\Microsoft Visual Studio 10.0\Common7\IDE\PrivateAssemblies\;D:\Program Files (x86)\Microsoft SQL Server\110\DTS\Binn\;D:\Program Files\mysql-8.0.22-winx64\bin;C:\Program Files\mingw-w64\x86_64-8.1.0-posix-seh-rt_v6-rev0\mingw64\bin;C:\Program Files\OpenVPN\bin;C:\Program Files\TortoiseGit\bin;D:\Program Files\Git\cmd;D:\Program Files\Pandoc;C:\Users\byyw\AppData\Local\Microsoft\WindowsApps;;D:\Users\byyw\AppData\Local\Programs\Microsoft VS Code\bin;C:\Users\byyw\AppData\Local\Pandoc\;."/>
    <property name="java.vm.info" value="mixed mode"/>
    <property name="java.vendor" value="Oracle Corporation"/>
    <property name="java.vm.version" value="25.131-b11"/>
    <property name="java.ext.dirs" value="C:\Program Files\Java\jdk1.8.0_131\jre\lib\ext;C:\Windows\Sun\Java\lib\ext"/>
    <property name="sun.io.unicode.encoding" value="UnicodeLittle"/>
    <property name="java.class.version" value="52.0"/>
  </properties>
  <testcase name="findStu" classname="com.test.TestTest" time="1.354"/>
</testsuite>